Build started 2/11/2010 10:22:49 PM.
Project "c:\users\antuan\documents\visual studio 2010\Projects\Calc\Calc\Calc.vcxproj" on node 3 (build target(s)).
_PrepareForBuild:
  Creating "Debug\Calc.unsuccessfulbuild" because "AlwaysCreate" was specified.
ClCompile:
  All outputs are up-to-date.
  C:\Program Files\Microsoft Visual Studio 10.0\VC\bin\CL.exe /c /ZI /nologo /W3 /WX- /Od /Oy- /D WIN32 /D _DEBUG /D _CONSOLE /D _UNICODE /D UNICODE /Gm /EHsc /RTC1 /MDd /GS /fp:precise /Zc:wchar_t /Zc:forScope /Yu"StdAfx.h" /Fp"Debug\Calc.pch" /Fo"Debug\\" /Fd"Debug\vc100.pdb" /Gd /TP /analyze- /errorReport:prompt Calc.cpp
  Calc.cpp
c:\users\antuan\documents\visual studio 2010\projects\calc\calc\calc.cpp(40): warning C4005: '_WIN32_WINNT' : macro redefinition
          c:\program files\microsoft sdks\windows\v7.0a\include\sdkddkver.h(197) : see previous definition of '_WIN32_WINNT'
c:\program files\microsoft sdks\windows\v7.0a\include\wincon.h(101): warning C4005: 'MOUSE_MOVED' : macro redefinition
          c:\users\antuan\documents\visual studio 2010\projects\calc\calc\calc.cpp(34) : see previous definition of 'MOUSE_MOVED'
c:\users\antuan\documents\visual studio 2010\projects\calc\calc\calc.cpp(170): warning C4996: 'strcpy': This function or variable may be unsafe. Consider using strcpy_s instead. To disable deprecation, use _CRT_SECURE_NO_WARNINGS. See online help for details.
          c:\program files\microsoft visual studio 10.0\vc\include\string.h(72) : see declaration of 'strcpy'
c:\users\antuan\documents\visual studio 2010\projects\calc\calc\calc.cpp(171): warning C4996: 'strcpy': This function or variable may be unsafe. Consider using strcpy_s instead. To disable deprecation, use _CRT_SECURE_NO_WARNINGS. See online help for details.
          c:\program files\microsoft visual studio 10.0\vc\include\string.h(72) : see declaration of 'strcpy'
c:\users\antuan\documents\visual studio 2010\projects\calc\calc\calc.cpp(172): warning C4996: 'strcpy': This function or variable may be unsafe. Consider using strcpy_s instead. To disable deprecation, use _CRT_SECURE_NO_WARNINGS. See online help for details.
          c:\program files\microsoft visual studio 10.0\vc\include\string.h(72) : see declaration of 'strcpy'
c:\users\antuan\documents\visual studio 2010\projects\calc\calc\calc.cpp(173): warning C4996: 'strcpy': This function or variable may be unsafe. Consider using strcpy_s instead. To disable deprecation, use _CRT_SECURE_NO_WARNINGS. See online help for details.
          c:\program files\microsoft visual studio 10.0\vc\include\string.h(72) : see declaration of 'strcpy'
c:\users\antuan\documents\visual studio 2010\projects\calc\calc\calc.cpp(174): warning C4996: 'strcpy': This function or variable may be unsafe. Consider using strcpy_s instead. To disable deprecation, use _CRT_SECURE_NO_WARNINGS. See online help for details.
          c:\program files\microsoft visual studio 10.0\vc\include\string.h(72) : see declaration of 'strcpy'
c:\users\antuan\documents\visual studio 2010\projects\calc\calc\calc.cpp(176): warning C4996: 'strcpy': This function or variable may be unsafe. Consider using strcpy_s instead. To disable deprecation, use _CRT_SECURE_NO_WARNINGS. See online help for details.
          c:\program files\microsoft visual studio 10.0\vc\include\string.h(72) : see declaration of 'strcpy'
c:\users\antuan\documents\visual studio 2010\projects\calc\calc\calc.cpp(177): warning C4996: 'strcpy': This function or variable may be unsafe. Consider using strcpy_s instead. To disable deprecation, use _CRT_SECURE_NO_WARNINGS. See online help for details.
          c:\program files\microsoft visual studio 10.0\vc\include\string.h(72) : see declaration of 'strcpy'
c:\users\antuan\documents\visual studio 2010\projects\calc\calc\calc.cpp(178): warning C4996: 'strcpy': This function or variable may be unsafe. Consider using strcpy_s instead. To disable deprecation, use _CRT_SECURE_NO_WARNINGS. See online help for details.
          c:\program files\microsoft visual studio 10.0\vc\include\string.h(72) : see declaration of 'strcpy'
c:\users\antuan\documents\visual studio 2010\projects\calc\calc\calc.cpp(179): warning C4996: 'strcpy': This function or variable may be unsafe. Consider using strcpy_s instead. To disable deprecation, use _CRT_SECURE_NO_WARNINGS. See online help for details.
          c:\program files\microsoft visual studio 10.0\vc\include\string.h(72) : see declaration of 'strcpy'
c:\users\antuan\documents\visual studio 2010\projects\calc\calc\calc.cpp(180): warning C4996: 'strcpy': This function or variable may be unsafe. Consider using strcpy_s instead. To disable deprecation, use _CRT_SECURE_NO_WARNINGS. See online help for details.
          c:\program files\microsoft visual studio 10.0\vc\include\string.h(72) : see declaration of 'strcpy'
c:\users\antuan\documents\visual studio 2010\projects\calc\calc\calc.cpp(182): warning C4996: 'strcpy': This function or variable may be unsafe. Consider using strcpy_s instead. To disable deprecation, use _CRT_SECURE_NO_WARNINGS. See online help for details.
          c:\program files\microsoft visual studio 10.0\vc\include\string.h(72) : see declaration of 'strcpy'
c:\users\antuan\documents\visual studio 2010\projects\calc\calc\calc.cpp(183): warning C4996: 'strcpy': This function or variable may be unsafe. Consider using strcpy_s instead. To disable deprecation, use _CRT_SECURE_NO_WARNINGS. See online help for details.
          c:\program files\microsoft visual studio 10.0\vc\include\string.h(72) : see declaration of 'strcpy'
c:\users\antuan\documents\visual studio 2010\projects\calc\calc\calc.cpp(184): warning C4996: 'strcpy': This function or variable may be unsafe. Consider using strcpy_s instead. To disable deprecation, use _CRT_SECURE_NO_WARNINGS. See online help for details.
          c:\program files\microsoft visual studio 10.0\vc\include\string.h(72) : see declaration of 'strcpy'
c:\users\antuan\documents\visual studio 2010\projects\calc\calc\calc.cpp(185): warning C4996: 'strcpy': This function or variable may be unsafe. Consider using strcpy_s instead. To disable deprecation, use _CRT_SECURE_NO_WARNINGS. See online help for details.
          c:\program files\microsoft visual studio 10.0\vc\include\string.h(72) : see declaration of 'strcpy'
c:\users\antuan\documents\visual studio 2010\projects\calc\calc\calc.cpp(186): warning C4996: 'strcpy': This function or variable may be unsafe. Consider using strcpy_s instead. To disable deprecation, use _CRT_SECURE_NO_WARNINGS. See online help for details.
          c:\program files\microsoft visual studio 10.0\vc\include\string.h(72) : see declaration of 'strcpy'
c:\users\antuan\documents\visual studio 2010\projects\calc\calc\calc.cpp(188): warning C4996: 'strcpy': This function or variable may be unsafe. Consider using strcpy_s instead. To disable deprecation, use _CRT_SECURE_NO_WARNINGS. See online help for details.
          c:\program files\microsoft visual studio 10.0\vc\include\string.h(72) : see declaration of 'strcpy'
c:\users\antuan\documents\visual studio 2010\projects\calc\calc\calc.cpp(189): warning C4996: 'strcpy': This function or variable may be unsafe. Consider using strcpy_s instead. To disable deprecation, use _CRT_SECURE_NO_WARNINGS. See online help for details.
          c:\program files\microsoft visual studio 10.0\vc\include\string.h(72) : see declaration of 'strcpy'
c:\users\antuan\documents\visual studio 2010\projects\calc\calc\calc.cpp(190): warning C4996: 'strcpy': This function or variable may be unsafe. Consider using strcpy_s instead. To disable deprecation, use _CRT_SECURE_NO_WARNINGS. See online help for details.
          c:\program files\microsoft visual studio 10.0\vc\include\string.h(72) : see declaration of 'strcpy'
c:\users\antuan\documents\visual studio 2010\projects\calc\calc\calc.cpp(191): warning C4996: 'strcpy': This function or variable may be unsafe. Consider using strcpy_s instead. To disable deprecation, use _CRT_SECURE_NO_WARNINGS. See online help for details.
          c:\program files\microsoft visual studio 10.0\vc\include\string.h(72) : see declaration of 'strcpy'
c:\users\antuan\documents\visual studio 2010\projects\calc\calc\calc.cpp(192): warning C4996: 'strcpy': This function or variable may be unsafe. Consider using strcpy_s instead. To disable deprecation, use _CRT_SECURE_NO_WARNINGS. See online help for details.
          c:\program files\microsoft visual studio 10.0\vc\include\string.h(72) : see declaration of 'strcpy'
c:\users\antuan\documents\visual studio 2010\projects\calc\calc\calc.cpp(194): warning C4996: 'strcpy': This function or variable may be unsafe. Consider using strcpy_s instead. To disable deprecation, use _CRT_SECURE_NO_WARNINGS. See online help for details.
          c:\program files\microsoft visual studio 10.0\vc\include\string.h(72) : see declaration of 'strcpy'
c:\users\antuan\documents\visual studio 2010\projects\calc\calc\calc.cpp(195): warning C4996: 'strcpy': This function or variable may be unsafe. Consider using strcpy_s instead. To disable deprecation, use _CRT_SECURE_NO_WARNINGS. See online help for details.
          c:\program files\microsoft visual studio 10.0\vc\include\string.h(72) : see declaration of 'strcpy'
c:\users\antuan\documents\visual studio 2010\projects\calc\calc\calc.cpp(196): warning C4996: 'strcpy': This function or variable may be unsafe. Consider using strcpy_s instead. To disable deprecation, use _CRT_SECURE_NO_WARNINGS. See online help for details.
          c:\program files\microsoft visual studio 10.0\vc\include\string.h(72) : see declaration of 'strcpy'
c:\users\antuan\documents\visual studio 2010\projects\calc\calc\calc.cpp(198): warning C4996: 'strcpy': This function or variable may be unsafe. Consider using strcpy_s instead. To disable deprecation, use _CRT_SECURE_NO_WARNINGS. See online help for details.
          c:\program files\microsoft visual studio 10.0\vc\include\string.h(72) : see declaration of 'strcpy'
c:\users\antuan\documents\visual studio 2010\projects\calc\calc\calc.cpp(200): warning C4996: 'strcpy': This function or variable may be unsafe. Consider using strcpy_s instead. To disable deprecation, use _CRT_SECURE_NO_WARNINGS. See online help for details.
          c:\program files\microsoft visual studio 10.0\vc\include\string.h(72) : see declaration of 'strcpy'
c:\users\antuan\documents\visual studio 2010\projects\calc\calc\calc.cpp(201): warning C4996: 'strcpy': This function or variable may be unsafe. Consider using strcpy_s instead. To disable deprecation, use _CRT_SECURE_NO_WARNINGS. See online help for details.
          c:\program files\microsoft visual studio 10.0\vc\include\string.h(72) : see declaration of 'strcpy'
c:\users\antuan\documents\visual studio 2010\projects\calc\calc\calc.cpp(202): warning C4996: 'strcpy': This function or variable may be unsafe. Consider using strcpy_s instead. To disable deprecation, use _CRT_SECURE_NO_WARNINGS. See online help for details.
          c:\program files\microsoft visual studio 10.0\vc\include\string.h(72) : see declaration of 'strcpy'
c:\users\antuan\documents\visual studio 2010\projects\calc\calc\calc.cpp(203): warning C4996: 'strcpy': This function or variable may be unsafe. Consider using strcpy_s instead. To disable deprecation, use _CRT_SECURE_NO_WARNINGS. See online help for details.
          c:\program files\microsoft visual studio 10.0\vc\include\string.h(72) : see declaration of 'strcpy'
c:\users\antuan\documents\visual studio 2010\projects\calc\calc\calc.cpp(417): warning C4244: '=' : conversion from 'int' to 'float', possible loss of data
c:\users\antuan\documents\visual studio 2010\projects\calc\calc\calc.cpp(673): warning C4101: 'MouseoverY' : unreferenced local variable
c:\users\antuan\documents\visual studio 2010\projects\calc\calc\calc.cpp(672): warning C4101: 'MouseoverX' : unreferenced local variable
c:\users\antuan\documents\visual studio 2010\projects\calc\calc\calc.cpp(552): warning C4715: 'Action' : not all control paths return a value
ManifestResourceCompile:
  All outputs are up-to-date.
Link:
  C:\Program Files\Microsoft Visual Studio 10.0\VC\bin\link.exe /ERRORREPORT:PROMPT /OUT:"c:\users\antuan\documents\visual studio 2010\Projects\Calc\Debug\Calc.exe" /INCREMENTAL /NOLOGO kernel32.lib user32.lib gdi32.lib winspool.lib comdlg32.lib advapi32.lib shell32.lib ole32.lib oleaut32.lib uuid.lib odbc32.lib odbccp32.lib /MANIFEST /ManifestFile:"Debug\Calc.exe.intermediate.manifest" /MANIFESTUAC:"level='asInvoker' uiAccess='false'" /DEBUG /PDB:"c:\users\antuan\documents\visual studio 2010\Projects\Calc\Debug\Calc.pdb" /SUBSYSTEM:CONSOLE /TLBID:1 /DYNAMICBASE /NXCOMPAT /IMPLIB:"c:\users\antuan\documents\visual studio 2010\Projects\Calc\Debug\Calc.lib" /MACHINE:X86 Debug\Calc.obj
  Debug\stdafx.obj
  Debug\Calc.exe.embed.manifest.res
Manifest:
  C:\Program Files\Microsoft SDKs\Windows\v7.0A\bin\mt.exe /nologo /verbose /out:"Debug\Calc.exe.embed.manifest" /manifest Debug\Calc.exe.intermediate.manifest
  C:\Program Files\Microsoft SDKs\Windows\v7.0A\bin\rc.exe /nologo /fo"Debug\Calc.exe.embed.manifest.res" Debug\Calc_manifest.rc 
LinkEmbedManifest:
  C:\Program Files\Microsoft Visual Studio 10.0\VC\bin\link.exe /ERRORREPORT:PROMPT /OUT:"c:\users\antuan\documents\visual studio 2010\Projects\Calc\Debug\Calc.exe" /INCREMENTAL /NOLOGO kernel32.lib user32.lib gdi32.lib winspool.lib comdlg32.lib advapi32.lib shell32.lib ole32.lib oleaut32.lib uuid.lib odbc32.lib odbccp32.lib /MANIFEST /ManifestFile:"Debug\Calc.exe.intermediate.manifest" /MANIFESTUAC:"level='asInvoker' uiAccess='false'" /DEBUG /PDB:"c:\users\antuan\documents\visual studio 2010\Projects\Calc\Debug\Calc.pdb" /SUBSYSTEM:CONSOLE /TLBID:1 /DYNAMICBASE /NXCOMPAT /IMPLIB:"c:\users\antuan\documents\visual studio 2010\Projects\Calc\Debug\Calc.lib" /MACHINE:X86 Debug\Calc.obj
  Debug\stdafx.obj
  Debug\Calc.exe.embed.manifest.res
  Calc.vcxproj -> c:\users\antuan\documents\visual studio 2010\Projects\Calc\Debug\Calc.exe
_AfterBuild:
  Deleting file "Debug\Calc.unsuccessfulbuild".
  Touching "Debug\Calc.lastbuildstate".
Done Building Project "c:\users\antuan\documents\visual studio 2010\Projects\Calc\Calc\Calc.vcxproj" (build target(s)).

Build succeeded.

Time Elapsed 00:00:10.57
